[2024-12-06 16:17:45] merlin-logger.DEBUG: The welcome step has been displayed [] []
[2024-12-06 16:17:50] merlin-logger.DEBUG: The license activation step has been displayed [] []
[2024-12-06 16:17:57] merlin-logger.DEBUG: The plugin installation step has been displayed [] []
[2024-12-06 16:18:27] merlin-logger.DEBUG: A plugin with the following data will be processed {"plugin_slug":"contact-form-7","message":"Installing"} []
[2024-12-06 16:18:39] merlin-logger.DEBUG: A plugin with the following data was processed {"plugin_slug":"contact-form-7"} []
[2024-12-06 16:18:39] merlin-logger.DEBUG: A plugin with the following data will be processed {"plugin_slug":"elementor","message":"Installing"} []
[2024-12-06 16:19:22] merlin-logger.DEBUG: A plugin with the following data was processed {"plugin_slug":"elementor"} []
[2024-12-06 16:19:23] merlin-logger.DEBUG: A plugin with the following data will be processed {"plugin_slug":"mailchimp-for-wp","message":"Installing"} []
[2024-12-06 16:19:37] merlin-logger.DEBUG: A plugin with the following data was processed {"plugin_slug":"mailchimp-for-wp"} []
[2024-12-06 16:19:37] merlin-logger.DEBUG: A plugin with the following data will be processed {"plugin_slug":"pxltheme-core","message":"Installing"} []
[2024-12-06 16:19:50] merlin-logger.DEBUG: A plugin with the following data was processed {"plugin_slug":"pxltheme-core"} []
[2024-12-06 16:19:50] merlin-logger.DEBUG: A plugin with the following data will be processed {"plugin_slug":"redux-framework","message":"Installing"} []
[2024-12-06 16:20:11] merlin-logger.DEBUG: A plugin with the following data was processed {"plugin_slug":"redux-framework"} []
[2024-12-06 16:20:11] merlin-logger.DEBUG: A plugin with the following data will be processed {"plugin_slug":"revslider","message":"Installing"} []
[2024-12-06 16:20:47] merlin-logger.DEBUG: A plugin with the following data was processed {"plugin_slug":"revslider"} []
[2024-12-06 16:20:50] merlin-logger.DEBUG: A plugin with the following data was processed {"plugin_slug":"revslider"} []
[2024-12-06 16:20:50] merlin-logger.DEBUG: A plugin with the following data will be processed {"plugin_slug":"woocommerce","message":"Installing"} []
[2024-12-06 16:22:35] merlin-logger.DEBUG: A plugin with the following data was processed {"plugin_slug":"woocommerce"} []
[2024-12-06 16:22:35] merlin-logger.DEBUG: A plugin with the following data will be processed {"plugin_slug":"classic-editor","message":"Installing"} []
[2024-12-06 16:22:51] merlin-logger.DEBUG: A plugin with the following data was processed {"plugin_slug":"classic-editor"} []
[2024-12-06 16:22:51] merlin-logger.DEBUG: A plugin with the following data will be processed {"plugin_slug":"wp-user-avatar","message":"Installing"} []
[2024-12-06 16:23:46] merlin-logger.DEBUG: A plugin with the following data was processed {"plugin_slug":"wp-user-avatar"} []
[2024-12-06 16:23:56] merlin-logger.DEBUG: The content import step has been displayed [] []
[2024-12-06 16:24:54] merlin-logger.DEBUG: The blog page was set {"blog_page_id":"[object] (WP_Post: {\"ID\":4699,\"post_author\":\"1\",\"post_date\":\"2023-01-05 08:03:49\",\"post_date_gmt\":\"2023-01-05 08:03:49\",\"post_content\":\"\",\"post_title\":\"Blog\",\"post_excerpt\":\"\",\"post_status\":\"publish\",\"comment_status\":\"closed\",\"ping_status\":\"closed\",\"post_password\":\"\",\"post_name\":\"blog\",\"to_ping\":\"\",\"pinged\":\"\",\"post_modified\":\"2023-01-05 08:03:49\",\"post_modified_gmt\":\"2023-01-05 08:03:49\",\"post_content_filtered\":\"\",\"post_parent\":0,\"guid\":\"http://localhost:8888/fastone/?page_id=4699\",\"menu_order\":0,\"post_type\":\"page\",\"post_mime_type\":\"\",\"comment_count\":\"0\",\"filter\":\"raw\"})"} []
[2024-12-06 16:25:05] merlin-logger.DEBUG: The final step has been displayed [] []
